<?xml version="1.0" encoding="UTF-8"?>
<!-- Generated by org.testng.reporters.JUnitXMLReporter -->
<testsuite hostname="jim-PC" name="Default test" tests="4" failures="0" timestamp="18 Apr 2016 09:14:50 GMT" time="37.837" errors="0">
  <testcase name="mainUpload" time="12.341" classname="com.dropbox.CompleteTest"/>
  <testcase name="mainFolderCreation" time="5.231" classname="com.dropbox.CompleteTest"/>
  <testcase name="mainFolderDeletion" time="1.921" classname="com.dropbox.CompleteTest"/>
  <testcase name="mainShowHideDeleted" time="5.381" classname="com.dropbox.CompleteTest"/>
</testsuite> <!-- Default test -->
